[2017-10-04 11:26:39.956] [INFO] resLogger - 
*************** response log start ***************
request method: POST
request originalUrl:  /api
request client ip:  ::ffff:127.0.0.1
request body: 
undefined
response time: 43
response status: 200
response body: 
{"code":0,"message":"success","data":{"errors":[{"type":"graphql","path":["hello"],"message":"Cannot read property 'name' of null{\"method\":\"POST\",\"url\":\"/api\",\"header\":{\"host\":\"127.0.0.1:3001\",\"user-agent\":\"Mozilla/5.0 (Macintosh; Intel Mac OS X 10.11; rv:56.0) Gecko/20100101 Firefox/56.0\",\"accept\":\"application/json\",\"accept-language\":\"zh-CN,zh;q=0.8,en-US;q=0.5,en;q=0.3\",\"accept-encoding\":\"gzip, deflate\",\"content-type\":\"application/graphql\",\"origin\":\"http://localhost:8080\",\"referer\":\"http://localhost:8080/\",\"content-length\":\"27\",\"connection\":\"keep-alive\"}}","locations":{"line":1,"column":22}}],"data":{"hello":null}}}
*************** response log end ***************

[2017-10-04 11:28:34.324] [INFO] resLogger - 
*************** response log start ***************
request method: POST
request originalUrl:  /api
request client ip:  ::ffff:127.0.0.1
request body: 
undefined
response time: 60
response status: 200
response body: 
{"code":0,"message":"success","data":{"errors":[{"type":"graphql","path":["hello"],"message":"Cannot read property 'name' of null{\"method\":\"POST\",\"url\":\"/api\",\"header\":{\"host\":\"127.0.0.1:3001\",\"user-agent\":\"Mozilla/5.0 (Macintosh; Intel Mac OS X 10.11; rv:56.0) Gecko/20100101 Firefox/56.0\",\"accept\":\"application/json\",\"accept-language\":\"zh-CN,zh;q=0.8,en-US;q=0.5,en;q=0.3\",\"accept-encoding\":\"gzip, deflate\",\"content-type\":\"application/graphql\",\"origin\":\"http://localhost:8080\",\"referer\":\"http://localhost:8080/\",\"content-length\":\"27\",\"connection\":\"keep-alive\"}}","locations":{"line":1,"column":22}}],"data":{"hello":null}}}
*************** response log end ***************

[2017-10-04 11:30:12.901] [INFO] resLogger - 
*************** response log start ***************
request method: POST
request originalUrl:  /api
request client ip:  ::ffff:127.0.0.1
request body: 
undefined
response time: 11
response status: 200
response body: 
{"code":0,"message":"success","data":{"data":{"hello":"worldZildjian59d455629790b411feadb13f"}}}
*************** response log end ***************

