[2017-10-17 21:41:00.038] [INFO] resLogger - 
*************** response log start ***************
request method: POST
request originalUrl:  /api
request client ip:  ::ffff:127.0.0.1
request body: 
undefined
response time: 138
response status: 200
response body: 
{"code":0,"message":"success","data":{"data":{"login":{"account":"account","name":"张飞","nickname":"小飞飞"}}}}
*************** response log end ***************

[2017-10-17 21:43:07.326] [INFO] resLogger - 
*************** response log start ***************
request method: POST
request originalUrl:  /api
request client ip:  ::ffff:127.0.0.1
request body: 
undefined
response time: 18
response status: 200
response body: 
{"data":{"errors":[{"type":"graphql","path":["login"],"name":"GraphQLError","message":"用户不存在","code":-1,"locations":{"line":1,"column":20}}],"data":{"login":null}}}
*************** response log end ***************

