[2017-10-16 23:26:08.329] [INFO] resLogger - 
*************** response log start ***************
request method: POST
request originalUrl:  /api
request client ip:  ::ffff:127.0.0.1
request body: 
undefined
response time: 40
response status: 200
response body: 
{"code":0,"message":"success","data":{"data":{"login":{"account":null,"name":null,"nickname":null}}}}
*************** response log end ***************

[2017-10-16 23:27:25.778] [INFO] resLogger - 
*************** response log start ***************
request method: POST
request originalUrl:  /api
request client ip:  ::ffff:127.0.0.1
request body: 
undefined
response time: 58
response status: 200
response body: 
{"code":0,"message":"success","data":{"data":{"login":{"account":null,"name":null,"nickname":null}}}}
*************** response log end ***************

[2017-10-16 23:28:13.877] [INFO] resLogger - 
*************** response log start ***************
request method: POST
request originalUrl:  /api
request client ip:  ::ffff:127.0.0.1
request body: 
undefined
response time: 62
response status: 200
response body: 
{"code":-2,"message":"请求错误","data":{"errors":[{"type":"graphql","path":["login"],"message":"用户不存在{\"method\":\"POST\",\"url\":\"/api\",\"header\":{\"host\":\"127.0.0.1:3001\",\"connection\":\"keep-alive\",\"content-length\":\"94\",\"accept\":\"application/json\",\"origin\":\"http://localhost:8080\",\"user-agent\":\"Mozilla/5.0 (X11; Linux x86_64) AppleWebKit/537.36 (KHTML, like Gecko) Ubuntu Chromium/53.0.2785.143 Chrome/53.0.2785.143 Safari/537.36\",\"content-type\":\"application/graphql\",\"referer\":\"http://localhost:8080/\",\"accept-encoding\":\"gzip, deflate\",\"accept-language\":\"en-US,en;q=0.8\"}}","locations":{"line":1,"column":24}}],"data":{"login":null}}}
*************** response log end ***************

