[2017-10-19 23:26:24.606] [INFO] resLogger - 
*************** response log start ***************
request method: POST
request originalUrl:  /api
request client ip:  ::ffff:127.0.0.1
request body: 
undefined
response time: 41
response status: 200
response body: 
{"data":{"errors":[{"type":"graphql","path":["login"],"name":"GraphQLError","message":"Cannot read property 'account' of undefined","locations":{"line":1,"column":20}}],"data":{"login":null}}}
*************** response log end ***************

[2017-10-19 23:26:25.555] [INFO] resLogger - 
*************** response log start ***************
request method: POST
request originalUrl:  /api
request client ip:  ::ffff:127.0.0.1
request body: 
undefined
response time: 6
response status: 200
response body: 
{"data":{"errors":[{"type":"graphql","path":["login"],"name":"GraphQLError","message":"Cannot read property 'account' of undefined","locations":{"line":1,"column":20}}],"data":{"login":null}}}
*************** response log end ***************

[2017-10-19 23:26:48.506] [INFO] resLogger - 
*************** response log start ***************
request method: POST
request originalUrl:  /api
request client ip:  ::ffff:127.0.0.1
request body: 
undefined
response time: 39
response status: 200
response body: 
{"data":{"errors":[{"type":"graphql","path":["login"],"name":"GraphQLError","message":"Cannot read property 'account' of undefined","locations":{"line":1,"column":20}}],"data":{"login":null}}}
*************** response log end ***************

[2017-10-19 23:53:17.780] [INFO] resLogger - 
*************** response log start ***************
request method: POST
request originalUrl:  /api
request client ip:  ::ffff:127.0.0.1
request body: 
undefined
response time: 42
response status: 200
response body: 
{"data":{"errors":[{"type":"graphql","path":["login"],"name":"GraphQLError","message":"Cannot read property 'account' of undefined","locations":{"line":1,"column":20}}],"data":{"login":null}}}
*************** response log end ***************

[2017-10-19 23:53:18.674] [INFO] resLogger - 
*************** response log start ***************
request method: POST
request originalUrl:  /api
request client ip:  ::ffff:127.0.0.1
request body: 
undefined
response time: 6
response status: 200
response body: 
{"data":{"errors":[{"type":"graphql","path":["login"],"name":"GraphQLError","message":"Cannot read property 'account' of undefined","locations":{"line":1,"column":20}}],"data":{"login":null}}}
*************** response log end ***************

[2017-10-19 23:53:18.886] [INFO] resLogger - 
*************** response log start ***************
request method: POST
request originalUrl:  /api
request client ip:  ::ffff:127.0.0.1
request body: 
undefined
response time: 2
response status: 200
response body: 
{"data":{"errors":[{"type":"graphql","path":["login"],"name":"GraphQLError","message":"Cannot read property 'account' of undefined","locations":{"line":1,"column":20}}],"data":{"login":null}}}
*************** response log end ***************

[2017-10-19 23:53:19.104] [INFO] resLogger - 
*************** response log start ***************
request method: POST
request originalUrl:  /api
request client ip:  ::ffff:127.0.0.1
request body: 
undefined
response time: 3
response status: 200
response body: 
{"data":{"errors":[{"type":"graphql","path":["login"],"name":"GraphQLError","message":"Cannot read property 'account' of undefined","locations":{"line":1,"column":20}}],"data":{"login":null}}}
*************** response log end ***************

[2017-10-19 23:54:24.617] [INFO] resLogger - 
*************** response log start ***************
request method: POST
request originalUrl:  /api
request client ip:  ::ffff:127.0.0.1
request body: 
undefined
response time: 57
response status: 200
response body: 
{"data":{"errors":[{"type":"graphql","path":["login"],"name":"GraphQLError","message":"Cannot read property 'account' of undefined","locations":{"line":1,"column":20}}],"data":{"login":null}}}
*************** response log end ***************

[2017-10-19 23:54:47.717] [INFO] resLogger - 
*************** response log start ***************
request method: POST
request originalUrl:  /api
request client ip:  ::ffff:127.0.0.1
request body: 
undefined
response time: 43
response status: 200
response body: 
{"data":{"errors":[{"type":"graphql","path":["login"],"name":"GraphQLError","message":"Cannot read property 'account' of undefined","locations":{"line":1,"column":20}}],"data":{"login":null}}}
*************** response log end ***************

[2017-10-19 23:55:20.376] [INFO] resLogger - 
*************** response log start ***************
request method: POST
request originalUrl:  /api
request client ip:  ::ffff:127.0.0.1
request body: 
undefined
response time: 42
response status: 200
response body: 
{"data":{"errors":[{"type":"graphql","path":["login"],"name":"GraphQLError","message":"Cannot read property 'account' of undefined","locations":{"line":1,"column":20}}],"data":{"login":null}}}
*************** response log end ***************

[2017-10-19 23:55:24.329] [INFO] resLogger - 
*************** response log start ***************
request method: POST
request originalUrl:  /api
request client ip:  ::ffff:127.0.0.1
request body: 
undefined
response time: 5
response status: 200
response body: 
{"data":{"errors":[{"type":"graphql","path":["login"],"name":"GraphQLError","message":"Cannot read property 'account' of undefined","locations":{"line":1,"column":20}}],"data":{"login":null}}}
*************** response log end ***************

[2017-10-19 23:56:38.356] [INFO] resLogger - 
*************** response log start ***************
request method: POST
request originalUrl:  /api
request client ip:  ::ffff:127.0.0.1
request body: 
undefined
response time: 7
response status: 200
response body: 
{"data":{"errors":[{"type":"graphql","path":["login"],"name":"GraphQLError","message":"Cannot read property 'account' of undefined","locations":{"line":1,"column":20}}],"data":{"login":null}}}
*************** response log end ***************

