[2017-10-10 23:00:38.881] [INFO] resLogger - 
*************** response log start ***************
request method: POST
request originalUrl:  /api
request client ip:  ::ffff:127.0.0.1
request body: 
undefined
response time: 47
response status: 200
response body: 
{"code":0,"message":"success","data":{"errors":[{"type":"graphql","path":["list"],"message":"Cannot read property 'find' of undefined{\"method\":\"POST\",\"url\":\"/api\",\"header\":{\"host\":\"127.0.0.1:3001\",\"connection\":\"keep-alive\",\"content-length\":\"32\",\"accept\":\"application/json\",\"origin\":\"http://localhost:8080\",\"user-agent\":\"Mozilla/5.0 (X11; Linux x86_64) AppleWebKit/537.36 (KHTML, like Gecko) Ubuntu Chromium/53.0.2785.143 Chrome/53.0.2785.143 Safari/537.36\",\"content-type\":\"application/graphql\",\"referer\":\"http://localhost:8080/\",\"accept-encoding\":\"gzip, deflate\",\"accept-language\":\"en-US,en;q=0.8\"}}","locations":{"line":1,"column":18}}],"data":{"list":null}}}
*************** response log end ***************

[2017-10-10 23:10:14.987] [INFO] resLogger - 
*************** response log start ***************
request method: POST
request originalUrl:  /api
request client ip:  ::ffff:127.0.0.1
request body: 
undefined
response time: 30
response status: 400
response body: 
{"code":0,"message":"success","data":{"errors":[{"type":"graphql","message":"Syntax Error GraphQL request (2:25) Unexpected single quote character ('), did you mean to use a double quote (\")?\n\n1: mutation userMutation {\n2:       add(info:{account:'111', password:'111', nickname:'test'} {\n                           ^\n3:         nickname\n{\"method\":\"POST\",\"url\":\"/api\",\"header\":{\"host\":\"127.0.0.1:3001\",\"connection\":\"keep-alive\",\"content-length\":\"121\",\"accept\":\"application/json\",\"origin\":\"http://localhost:8080\",\"user-agent\":\"Mozilla/5.0 (X11; Linux x86_64) AppleWebKit/537.36 (KHTML, like Gecko) Ubuntu Chromium/53.0.2785.143 Chrome/53.0.2785.143 Safari/537.36\",\"content-type\":\"application/graphql\",\"referer\":\"http://localhost:8080/\",\"accept-encoding\":\"gzip, deflate\",\"accept-language\":\"en-US,en;q=0.8\"}}","locations":{"line":2,"column":25}}]}}
*************** response log end ***************

[2017-10-10 23:11:03.398] [INFO] resLogger - 
*************** response log start ***************
request method: POST
request originalUrl:  /api
request client ip:  ::ffff:127.0.0.1
request body: 
undefined
response time: 36
response status: 400
response body: 
{"code":0,"message":"success","data":{"errors":[{"type":"graphql","message":"Syntax Error GraphQL request (2:65) Expected Name, found {\n\n1: mutation userMutation {\n2:       add(info:{account:\"111\", password:\"111\", nickname:\"test\"} {\n                                                                   ^\n3:         nickname\n{\"method\":\"POST\",\"url\":\"/api\",\"header\":{\"host\":\"127.0.0.1:3001\",\"connection\":\"keep-alive\",\"content-length\":\"121\",\"accept\":\"application/json\",\"origin\":\"http://localhost:8080\",\"user-agent\":\"Mozilla/5.0 (X11; Linux x86_64) AppleWebKit/537.36 (KHTML, like Gecko) Ubuntu Chromium/53.0.2785.143 Chrome/53.0.2785.143 Safari/537.36\",\"content-type\":\"application/graphql\",\"referer\":\"http://localhost:8080/\",\"accept-encoding\":\"gzip, deflate\",\"accept-language\":\"en-US,en;q=0.8\"}}","locations":{"line":2,"column":65}}]}}
*************** response log end ***************

[2017-10-10 23:12:33.319] [INFO] resLogger - 
*************** response log start ***************
request method: POST
request originalUrl:  /api
request client ip:  ::ffff:127.0.0.1
request body: 
undefined
response time: 38
response status: 400
response body: 
{"code":0,"message":"success","data":{"errors":[{"type":"graphql","message":"Syntax Error GraphQL request (2:75) Expected Name, found {\n\n1: mutation userMutation {\n2:       add(info:{account:\"111\", password:\"111\", nickname:\"小飞飞\", name:\"张飞\"} {\n                                                                             ^\n3:         nickname\n{\"method\":\"POST\",\"url\":\"/api\",\"header\":{\"host\":\"127.0.0.1:3001\",\"connection\":\"keep-alive\",\"content-length\":\"141\",\"accept\":\"application/json\",\"origin\":\"http://localhost:8080\",\"user-agent\":\"Mozilla/5.0 (X11; Linux x86_64) AppleWebKit/537.36 (KHTML, like Gecko) Ubuntu Chromium/53.0.2785.143 Chrome/53.0.2785.143 Safari/537.36\",\"content-type\":\"application/graphql\",\"referer\":\"http://localhost:8080/\",\"accept-encoding\":\"gzip, deflate\",\"accept-language\":\"en-US,en;q=0.8\"}}","locations":{"line":2,"column":75}}]}}
*************** response log end ***************

[2017-10-10 23:13:18.227] [INFO] resLogger - 
*************** response log start ***************
request method: POST
request originalUrl:  /api
request client ip:  ::ffff:127.0.0.1
request body: 
undefined
response time: 58
response status: 200
response body: 
{"code":0,"message":"success","data":{"errors":[{"type":"graphql","path":["add"],"message":"_models.userModel is not a constructor{\"method\":\"POST\",\"url\":\"/api\",\"header\":{\"host\":\"127.0.0.1:3001\",\"connection\":\"keep-alive\",\"content-length\":\"141\",\"accept\":\"application/json\",\"origin\":\"http://localhost:8080\",\"user-agent\":\"Mozilla/5.0 (X11; Linux x86_64) AppleWebKit/537.36 (KHTML, like Gecko) Ubuntu Chromium/53.0.2785.143 Chrome/53.0.2785.143 Safari/537.36\",\"content-type\":\"application/graphql\",\"referer\":\"http://localhost:8080/\",\"accept-encoding\":\"gzip, deflate\",\"accept-language\":\"en-US,en;q=0.8\"}}","locations":{"line":2,"column":7}}],"data":{"add":null}}}
*************** response log end ***************

[2017-10-10 23:13:20.727] [INFO] resLogger - 
*************** response log start ***************
request method: POST
request originalUrl:  /api
request client ip:  ::ffff:127.0.0.1
request body: 
undefined
response time: 5
response status: 200
response body: 
{"code":0,"message":"success","data":{"errors":[{"type":"graphql","path":["add"],"message":"_models.userModel is not a constructor{\"method\":\"POST\",\"url\":\"/api\",\"header\":{\"host\":\"127.0.0.1:3001\",\"connection\":\"keep-alive\",\"content-length\":\"141\",\"accept\":\"application/json\",\"origin\":\"http://localhost:8080\",\"user-agent\":\"Mozilla/5.0 (X11; Linux x86_64) AppleWebKit/537.36 (KHTML, like Gecko) Ubuntu Chromium/53.0.2785.143 Chrome/53.0.2785.143 Safari/537.36\",\"content-type\":\"application/graphql\",\"referer\":\"http://localhost:8080/\",\"accept-encoding\":\"gzip, deflate\",\"accept-language\":\"en-US,en;q=0.8\"}}","locations":{"line":2,"column":7}}],"data":{"add":null}}}
*************** response log end ***************

[2017-10-10 23:15:45.523] [INFO] resLogger - 
*************** response log start ***************
request method: POST
request originalUrl:  /api
request client ip:  ::ffff:127.0.0.1
request body: 
undefined
response time: 47
response status: 200
response body: 
{"code":0,"message":"success","data":{"errors":[{"type":"graphql","path":["add"],"message":"user is not a constructor{\"method\":\"POST\",\"url\":\"/api\",\"header\":{\"host\":\"127.0.0.1:3001\",\"connection\":\"keep-alive\",\"content-length\":\"141\",\"accept\":\"application/json\",\"origin\":\"http://localhost:8080\",\"user-agent\":\"Mozilla/5.0 (X11; Linux x86_64) AppleWebKit/537.36 (KHTML, like Gecko) Ubuntu Chromium/53.0.2785.143 Chrome/53.0.2785.143 Safari/537.36\",\"content-type\":\"application/graphql\",\"referer\":\"http://localhost:8080/\",\"accept-encoding\":\"gzip, deflate\",\"accept-language\":\"en-US,en;q=0.8\"}}","locations":{"line":2,"column":7}}],"data":{"add":null}}}
*************** response log end ***************

[2017-10-10 23:17:16.902] [INFO] resLogger - 
*************** response log start ***************
request method: POST
request originalUrl:  /api
request client ip:  ::ffff:127.0.0.1
request body: 
undefined
response time: 57
response status: 200
response body: 
{"code":0,"message":"success","data":{"errors":[{"type":"graphql","path":["add"],"message":"_index.userModel is not a constructor{\"method\":\"POST\",\"url\":\"/api\",\"header\":{\"host\":\"127.0.0.1:3001\",\"connection\":\"keep-alive\",\"content-length\":\"141\",\"accept\":\"application/json\",\"origin\":\"http://localhost:8080\",\"user-agent\":\"Mozilla/5.0 (X11; Linux x86_64) AppleWebKit/537.36 (KHTML, like Gecko) Ubuntu Chromium/53.0.2785.143 Chrome/53.0.2785.143 Safari/537.36\",\"content-type\":\"application/graphql\",\"referer\":\"http://localhost:8080/\",\"accept-encoding\":\"gzip, deflate\",\"accept-language\":\"en-US,en;q=0.8\"}}","locations":{"line":2,"column":7}}],"data":{"add":null}}}
*************** response log end ***************

[2017-10-10 23:18:47.274] [INFO] resLogger - 
*************** response log start ***************
request method: POST
request originalUrl:  /api
request client ip:  ::ffff:127.0.0.1
request body: 
undefined
response time: 46
response status: 200
response body: 
{"code":0,"message":"success","data":{"errors":[{"type":"graphql","path":["add"],"message":"_index.userModel is not a constructor{\"method\":\"POST\",\"url\":\"/api\",\"header\":{\"host\":\"127.0.0.1:3001\",\"connection\":\"keep-alive\",\"content-length\":\"141\",\"accept\":\"application/json\",\"origin\":\"http://localhost:8080\",\"user-agent\":\"Mozilla/5.0 (X11; Linux x86_64) AppleWebKit/537.36 (KHTML, like Gecko) Ubuntu Chromium/53.0.2785.143 Chrome/53.0.2785.143 Safari/537.36\",\"content-type\":\"application/graphql\",\"referer\":\"http://localhost:8080/\",\"accept-encoding\":\"gzip, deflate\",\"accept-language\":\"en-US,en;q=0.8\"}}","locations":{"line":2,"column":7}}],"data":{"add":null}}}
*************** response log end ***************

[2017-10-10 23:21:49.479] [INFO] resLogger - 
*************** response log start ***************
request method: POST
request originalUrl:  /api
request client ip:  ::ffff:127.0.0.1
request body: 
undefined
response time: 252
response status: 200
response body: 
{"code":0,"message":"success","data":{"data":{"add":{"nickname":null}}}}
*************** response log end ***************

[2017-10-10 23:22:18.067] [INFO] resLogger - 
*************** response log start ***************
request method: POST
request originalUrl:  /api
request client ip:  ::ffff:127.0.0.1
request body: 
undefined
response time: 57
response status: 200
response body: 
{"code":0,"message":"success","data":{"data":{"add":{"nickname":"小飞飞"}}}}
*************** response log end ***************

