[2017-10-15 00:51:45.806] [INFO] resLogger - 
*************** response log start ***************
request method: POST
request originalUrl:  /api
request client ip:  ::ffff:127.0.0.1
request body: 
undefined
response time: 77
response status: 400
response body: 
{"code":-2,"message":"请求错误","data":{"errors":[{"type":"graphql","message":"Field \"login\" of type \"user\" must have a selection of subfields. Did you mean \"login { ... }\"?{\"method\":\"POST\",\"url\":\"/api\",\"header\":{\"host\":\"127.0.0.1:3001\",\"connection\":\"keep-alive\",\"content-length\":\"29\",\"accept\":\"application/json\",\"origin\":\"http://localhost:8080\",\"user-agent\":\"Mozilla/5.0 (X11; Linux x86_64) AppleWebKit/537.36 (KHTML, like Gecko) Ubuntu Chromium/53.0.2785.143 Chrome/53.0.2785.143 Safari/537.36\",\"content-type\":\"application/graphql\",\"referer\":\"http://localhost:8080/\",\"accept-encoding\":\"gzip, deflate\",\"accept-language\":\"en-US,en;q=0.8\"}}","locations":{"line":1,"column":24}}]}}
*************** response log end ***************

[2017-10-15 00:53:05.995] [INFO] resLogger - 
*************** response log start ***************
request method: POST
request originalUrl:  /api
request client ip:  ::ffff:127.0.0.1
request body: 
undefined
response time: 25
response status: 400
response body: 
{"code":-2,"message":"请求错误","data":{"errors":[{"type":"graphql","message":"Syntax Error GraphQL request (1:30) Expected Name, found {\n\n1: mutation userMutation {login:{...}}\n                                ^\n{\"method\":\"POST\",\"url\":\"/api\",\"header\":{\"host\":\"127.0.0.1:3001\",\"connection\":\"keep-alive\",\"content-length\":\"35\",\"accept\":\"application/json\",\"origin\":\"http://localhost:8080\",\"user-agent\":\"Mozilla/5.0 (X11; Linux x86_64) AppleWebKit/537.36 (KHTML, like Gecko) Ubuntu Chromium/53.0.2785.143 Chrome/53.0.2785.143 Safari/537.36\",\"content-type\":\"application/graphql\",\"referer\":\"http://localhost:8080/\",\"accept-encoding\":\"gzip, deflate\",\"accept-language\":\"en-US,en;q=0.8\"}}","locations":{"line":1,"column":30}}]}}
*************** response log end ***************

[2017-10-15 00:53:23.170] [INFO] resLogger - 
*************** response log start ***************
request method: POST
request originalUrl:  /api
request client ip:  ::ffff:127.0.0.1
request body: 
undefined
response time: 26
response status: 400
response body: 
{"code":-2,"message":"请求错误","data":{"errors":[{"type":"graphql","message":"Syntax Error GraphQL request (1:30) Expected Name, found {\n\n1: mutation userMutation {login:{account}}\n                                ^\n{\"method\":\"POST\",\"url\":\"/api\",\"header\":{\"host\":\"127.0.0.1:3001\",\"connection\":\"keep-alive\",\"content-length\":\"39\",\"accept\":\"application/json\",\"origin\":\"http://localhost:8080\",\"user-agent\":\"Mozilla/5.0 (X11; Linux x86_64) AppleWebKit/537.36 (KHTML, like Gecko) Ubuntu Chromium/53.0.2785.143 Chrome/53.0.2785.143 Safari/537.36\",\"content-type\":\"application/graphql\",\"referer\":\"http://localhost:8080/\",\"accept-encoding\":\"gzip, deflate\",\"accept-language\":\"en-US,en;q=0.8\"}}","locations":{"line":1,"column":30}}]}}
*************** response log end ***************

[2017-10-15 00:55:47.060] [INFO] resLogger - 
*************** response log start ***************
request method: POST
request originalUrl:  /api
request client ip:  ::ffff:127.0.0.1
request body: 
undefined
response time: 78
response status: 200
response body: 
{"code":0,"message":"success","data":{"data":{"login":{"account":null}}}}
*************** response log end ***************

[2017-10-15 00:58:55.012] [INFO] resLogger - 
*************** response log start ***************
request method: POST
request originalUrl:  /api
request client ip:  ::ffff:127.0.0.1
request body: 
undefined
response time: 14
response status: 200
response body: 
{"code":0,"message":"success","data":{"data":{"login":{"account":null}}}}
*************** response log end ***************

[2017-10-15 00:59:34.453] [INFO] resLogger - 
*************** response log start ***************
request method: POST
request originalUrl:  /api
request client ip:  ::ffff:127.0.0.1
request body: 
undefined
response time: 47
response status: 200
response body: 
{"code":0,"message":"success","data":{"data":{"login":{"account":null}}}}
*************** response log end ***************

[2017-10-15 00:59:47.942] [INFO] resLogger - 
*************** response log start ***************
request method: POST
request originalUrl:  /api
request client ip:  ::ffff:127.0.0.1
request body: 
undefined
response time: 10
response status: 200
response body: 
{"code":0,"message":"success","data":{"data":{"login":{"account":null}}}}
*************** response log end ***************

