[2017-10-17 22:23:04.179] [INFO] resLogger - 
*************** response log start ***************
request method: POST
request originalUrl:  /api
request client ip:  ::ffff:127.0.0.1
request body: 
undefined
response time: 75
response status: 200
response body: 
{"code":0,"message":"success","data":{"data":{"login":{"account":"account","name":"张飞","nickname":"小飞飞"}}}}
*************** response log end ***************

[2017-10-17 22:29:44.469] [INFO] resLogger - 
*************** response log start ***************
request method: POST
request originalUrl:  /api
request client ip:  ::ffff:127.0.0.1
request body: 
undefined
response time: 55
response status: 200
response body: 
{"code":0,"message":"success","data":{"data":{"login":{"account":"account","name":"张飞","nickname":"小飞飞"}}}}
*************** response log end ***************

[2017-10-17 22:48:06.616] [INFO] resLogger - 
*************** response log start ***************
request method: POST
request originalUrl:  /api
request client ip:  ::ffff:127.0.0.1
request body: 
undefined
response time: 37
response status: 200
response body: 
{"code":0,"message":"success","data":{"data":{"login":{"account":"account","name":"张飞","nickname":"小飞飞"}}}}
*************** response log end ***************

[2017-10-17 22:51:55.684] [INFO] resLogger - 
*************** response log start ***************
request method: POST
request originalUrl:  /api
request client ip:  ::ffff:127.0.0.1
request body: 
undefined
response time: 56
response status: 200
response body: 
{"code":0,"message":"success","data":{"data":{"login":{"account":"account","name":"张飞","nickname":"小飞飞"}}}}
*************** response log end ***************

