[2017-10-17 23:06:08.815] [INFO] resLogger - 
*************** response log start ***************
request method: POST
request originalUrl:  /api
request client ip:  ::ffff:127.0.0.1
request body: 
undefined
response time: 57
response status: 200
response body: 
{"code":0,"message":"success","data":{"data":{"login":{"account":"account","name":"张飞","nickname":"小飞飞"}}}}
*************** response log end ***************

[2017-10-17 23:06:48.607] [INFO] resLogger - 
*************** response log start ***************
request method: POST
request originalUrl:  /api
request client ip:  ::ffff:127.0.0.1
request body: 
undefined
response time: 11
response status: 200
response body: 
{"code":0,"message":"success","data":{"data":{"login":{"account":"account","name":"张飞","nickname":"小飞飞"}}}}
*************** response log end ***************

[2017-10-17 23:07:35.234] [INFO] resLogger - 
*************** response log start ***************
request method: POST
request originalUrl:  /api
request client ip:  ::ffff:127.0.0.1
request body: 
undefined
response time: 35
response status: 200
response body: 
{"data":{"errors":[{"type":"graphql","path":["login"],"name":"GraphQLError","message":"用户不存在","code":-1,"locations":{"line":1,"column":20}}],"data":{"login":null}}}
*************** response log end ***************

[2017-10-17 23:08:35.760] [INFO] resLogger - 
*************** response log start ***************
request method: POST
request originalUrl:  /api
request client ip:  ::ffff:127.0.0.1
request body: 
undefined
response time: 59
response status: 200
response body: 
{"code":0,"message":"success","data":{"data":{"login":{"account":"account","name":"张飞","nickname":"小飞飞"}}}}
*************** response log end ***************

[2017-10-17 23:46:21.903] [INFO] resLogger - 
*************** response log start ***************
request method: POST
request originalUrl:  /api
request client ip:  ::ffff:127.0.0.1
request body: 
undefined
response time: 77
response status: 200
response body: 
{"data":{"errors":[{"type":"graphql","path":["login"],"name":"GraphQLError","message":"用户不存在","code":-1,"locations":{"line":1,"column":20}}],"data":{"login":null}}}
*************** response log end ***************

[2017-10-17 23:46:22.066] [INFO] resLogger - 
*************** response log start ***************
request method: POST
request originalUrl:  /api
request client ip:  ::ffff:127.0.0.1
request body: 
undefined
response time: 10
response status: 200
response body: 
{"data":{"errors":[{"type":"graphql","path":["login"],"name":"GraphQLError","message":"用户不存在","code":-1,"locations":{"line":1,"column":20}}],"data":{"login":null}}}
*************** response log end ***************

[2017-10-17 23:52:06.463] [INFO] resLogger - 
*************** response log start ***************
request method: POST
request originalUrl:  /api
request client ip:  ::ffff:127.0.0.1
request body: 
undefined
response time: 75
response status: 200
response body: 
{"data":{"errors":[{"type":"graphql","path":["login"],"name":"GraphQLError","message":"用户不存在","code":-1,"locations":{"line":1,"column":20}}],"data":{"login":null}}}
*************** response log end ***************

[2017-10-17 23:52:19.716] [INFO] resLogger - 
*************** response log start ***************
request method: POST
request originalUrl:  /api
request client ip:  ::ffff:127.0.0.1
request body: 
undefined
response time: 16
response status: 200
response body: 
{"code":0,"message":"success","data":{"data":{"login":{"account":"account","name":"张飞","nickname":"小飞飞"}}}}
*************** response log end ***************

[2017-10-17 23:53:33.233] [INFO] resLogger - 
*************** response log start ***************
request method: POST
request originalUrl:  /api
request client ip:  ::ffff:127.0.0.1
request body: 
undefined
response time: 68
response status: 200
response body: 
{"data":{"errors":[{"type":"graphql","path":["login"],"name":"GraphQLError","message":"用户不存在","code":-1,"locations":{"line":1,"column":20}}],"data":{"login":null}}}
*************** response log end ***************

[2017-10-17 23:54:07.250] [INFO] resLogger - 
*************** response log start ***************
request method: POST
request originalUrl:  /api
request client ip:  ::ffff:127.0.0.1
request body: 
undefined
response time: 56
response status: 200
response body: 
{"code":0,"message":"success","data":{"data":{"login":{"account":"account","name":"张飞","nickname":"小飞飞"}}}}
*************** response log end ***************

[2017-10-17 23:54:10.079] [INFO] resLogger - 
*************** response log start ***************
request method: POST
request originalUrl:  /api
request client ip:  ::ffff:127.0.0.1
request body: 
undefined
response time: 4
response status: 200
response body: 
{"code":0,"message":"success","data":{"data":{"login":null}}}
*************** response log end ***************

[2017-10-17 23:54:33.424] [INFO] resLogger - 
*************** response log start ***************
request method: POST
request originalUrl:  /api
request client ip:  ::ffff:127.0.0.1
request body: 
undefined
response time: 3
response status: 200
response body: 
{"code":0,"message":"success","data":{"data":{"login":null}}}
*************** response log end ***************

[2017-10-17 23:54:33.457] [INFO] resLogger - 
*************** response log start ***************
request method: POST
request originalUrl:  /api
request client ip:  ::ffff:127.0.0.1
request body: 
undefined
response time: 3
response status: 200
response body: 
{"code":0,"message":"success","data":{"data":{"login":null}}}
*************** response log end ***************

[2017-10-17 23:55:02.713] [INFO] resLogger - 
*************** response log start ***************
request method: POST
request originalUrl:  /api
request client ip:  ::ffff:127.0.0.1
request body: 
undefined
response time: 3
response status: 200
response body: 
{"code":0,"message":"success","data":{"data":{"login":null}}}
*************** response log end ***************

[2017-10-17 23:55:02.747] [INFO] resLogger - 
*************** response log start ***************
request method: POST
request originalUrl:  /api
request client ip:  ::ffff:127.0.0.1
request body: 
undefined
response time: 4
response status: 200
response body: 
{"code":0,"message":"success","data":{"data":{"login":null}}}
*************** response log end ***************

[2017-10-17 23:57:00.062] [INFO] resLogger - 
*************** response log start ***************
request method: POST
request originalUrl:  /api
request client ip:  ::ffff:127.0.0.1
request body: 
undefined
response time: 55
response status: 200
response body: 
{"code":0,"message":"success","data":{"data":{"login":{"account":"account","name":"张飞","nickname":"小飞飞"}}}}
*************** response log end ***************

[2017-10-17 23:57:29.386] [INFO] resLogger - 
*************** response log start ***************
request method: POST
request originalUrl:  /api
request client ip:  ::ffff:127.0.0.1
request body: 
undefined
response time: 71
response status: 200
response body: 
{"data":{"errors":[{"type":"graphql","path":["login"],"name":"GraphQLError","message":"用户不存在","code":-1,"locations":{"line":1,"column":20}}],"data":{"login":null}}}
*************** response log end ***************

[2017-10-17 23:57:50.140] [INFO] resLogger - 
*************** response log start ***************
request method: POST
request originalUrl:  /api
request client ip:  ::ffff:127.0.0.1
request body: 
undefined
response time: 16
response status: 200
response body: 
{"code":0,"message":"success","data":{"data":{"login":{"account":"account","name":"张飞","nickname":"小飞飞"}}}}
*************** response log end ***************

[2017-10-17 23:58:02.042] [INFO] resLogger - 
*************** response log start ***************
request method: POST
request originalUrl:  /api
request client ip:  ::ffff:127.0.0.1
request body: 
undefined
response time: 21
response status: 200
response body: 
{"code":0,"message":"success","data":{"data":{"login":null}}}
*************** response log end ***************

[2017-10-17 23:59:09.852] [INFO] resLogger - 
*************** response log start ***************
request method: POST
request originalUrl:  /api
request client ip:  ::ffff:127.0.0.1
request body: 
undefined
response time: 67
response status: 200
response body: 
{"code":0,"message":"success","data":{"data":{"login":{"account":"account","name":"张飞","nickname":"小飞飞"}}}}
*************** response log end ***************

[2017-10-17 23:59:12.007] [INFO] resLogger - 
*************** response log start ***************
request method: POST
request originalUrl:  /api
request client ip:  ::ffff:127.0.0.1
request body: 
undefined
response time: 3
response status: 200
response body: 
{"code":0,"message":"success","data":{"data":{"login":{"account":"account","name":"张飞","nickname":"小飞飞"}}}}
*************** response log end ***************

[2017-10-17 23:59:14.901] [INFO] resLogger - 
*************** response log start ***************
request method: POST
request originalUrl:  /api
request client ip:  ::ffff:127.0.0.1
request body: 
undefined
response time: 3
response status: 200
response body: 
{"code":0,"message":"success","data":{"data":{"login":{"account":"account","name":"张飞","nickname":"小飞飞"}}}}
*************** response log end ***************

