[2017-10-06 01:20:28.989] [INFO] resLogger - 
*************** response log start ***************
request method: POST
request originalUrl:  /api
request client ip:  ::ffff:127.0.0.1
request body: 
undefined
response time: 16
response status: 500
response body: 
{"code":0,"message":"success","data":{"errors":[{"type":"graphql","message":"Schema must be an instance of GraphQLSchema. Also ensure that there are not multiple versions of GraphQL installed in your node_modules directory.{\"method\":\"POST\",\"url\":\"/api\",\"header\":{\"host\":\"127.0.0.1:3001\",\"user-agent\":\"Mozilla/5.0 (Macintosh; Intel Mac OS X 10.11; rv:56.0) Gecko/20100101 Firefox/56.0\",\"accept\":\"application/json\",\"accept-language\":\"zh-CN,zh;q=0.8,en-US;q=0.5,en;q=0.3\",\"accept-encoding\":\"gzip, deflate\",\"content-type\":\"application/graphql\",\"origin\":\"http://localhost:8080\",\"referer\":\"http://localhost:8080/\",\"content-length\":\"18\",\"connection\":\"keep-alive\"}}","locations":null}]}}
*************** response log end ***************

[2017-10-06 01:20:35.538] [INFO] resLogger - 
*************** response log start ***************
request method: POST
request originalUrl:  /api
request client ip:  ::ffff:127.0.0.1
request body: 
undefined
response time: 2
response status: 500
response body: 
{"code":0,"message":"success","data":{"errors":[{"type":"graphql","message":"Schema must be an instance of GraphQLSchema. Also ensure that there are not multiple versions of GraphQL installed in your node_modules directory.{\"method\":\"POST\",\"url\":\"/api\",\"header\":{\"host\":\"127.0.0.1:3001\",\"user-agent\":\"Mozilla/5.0 (Macintosh; Intel Mac OS X 10.11; rv:56.0) Gecko/20100101 Firefox/56.0\",\"accept\":\"application/json\",\"accept-language\":\"zh-CN,zh;q=0.8,en-US;q=0.5,en;q=0.3\",\"accept-encoding\":\"gzip, deflate\",\"content-type\":\"application/graphql\",\"origin\":\"http://localhost:8080\",\"referer\":\"http://localhost:8080/\",\"content-length\":\"18\",\"connection\":\"keep-alive\"}}","locations":null}]}}
*************** response log end ***************

[2017-10-06 01:24:15.571] [INFO] resLogger - 
*************** response log start ***************
request method: POST
request originalUrl:  /api
request client ip:  ::ffff:127.0.0.1
request body: 
undefined
response time: 46
response status: 200
response body: 
{"code":0,"message":"success","data":{"data":{"hello":"query3Zildjian59d455629790b411feadb13f"}}}
*************** response log end ***************

