[2017-10-10 22:07:49.458] [INFO] resLogger - 
*************** response log start ***************
request method: POST
request originalUrl:  /api
request client ip:  ::ffff:127.0.0.1
request body: 
undefined
response time: 35
response status: 400
response body: 
{"code":0,"message":"success","data":{"errors":[{"type":"graphql","message":"Cannot query field \"list\" on type \"rootQueryType\".{\"method\":\"POST\",\"url\":\"/api\",\"header\":{\"host\":\"127.0.0.1:3001\",\"connection\":\"keep-alive\",\"content-length\":\"17\",\"accept\":\"application/json\",\"origin\":\"http://localhost:8080\",\"user-agent\":\"Mozilla/5.0 (X11; Linux x86_64) AppleWebKit/537.36 (KHTML, like Gecko) Ubuntu Chromium/53.0.2785.143 Chrome/53.0.2785.143 Safari/537.36\",\"content-type\":\"application/graphql\",\"referer\":\"http://localhost:8080/\",\"accept-encoding\":\"gzip, deflate\",\"accept-language\":\"en-US,en;q=0.8\"}}","locations":{"line":1,"column":13}}]}}
*************** response log end ***************

[2017-10-10 22:50:59.023] [INFO] resLogger - 
*************** response log start ***************
request method: POST
request originalUrl:  /api
request client ip:  ::ffff:127.0.0.1
request body: 
undefined
response time: 43
response status: 400
response body: 
{"code":0,"message":"success","data":{"errors":[{"type":"graphql","message":"Field \"list\" of type \"[user]\" must have a selection of subfields. Did you mean \"list { ... }\"?{\"method\":\"POST\",\"url\":\"/api\",\"header\":{\"host\":\"127.0.0.1:3001\",\"connection\":\"keep-alive\",\"content-length\":\"22\",\"accept\":\"application/json\",\"origin\":\"http://localhost:8080\",\"user-agent\":\"Mozilla/5.0 (X11; Linux x86_64) AppleWebKit/537.36 (KHTML, like Gecko) Ubuntu Chromium/53.0.2785.143 Chrome/53.0.2785.143 Safari/537.36\",\"content-type\":\"application/graphql\",\"referer\":\"http://localhost:8080/\",\"accept-encoding\":\"gzip, deflate\",\"accept-language\":\"en-US,en;q=0.8\"}}","locations":{"line":1,"column":18}}]}}
*************** response log end ***************

[2017-10-10 22:53:40.363] [INFO] resLogger - 
*************** response log start ***************
request method: POST
request originalUrl:  /api
request client ip:  ::ffff:127.0.0.1
request body: 
undefined
response time: 37
response status: 400
response body: 
{"code":0,"message":"success","data":{"errors":[{"type":"graphql","message":"Syntax Error GraphQL request (1:23) Expected Name, found {\n\n1: query userQuery {list:{account}}\n                         ^\n{\"method\":\"POST\",\"url\":\"/api\",\"header\":{\"host\":\"127.0.0.1:3001\",\"connection\":\"keep-alive\",\"content-length\":\"32\",\"accept\":\"application/json\",\"origin\":\"http://localhost:8080\",\"user-agent\":\"Mozilla/5.0 (X11; Linux x86_64) AppleWebKit/537.36 (KHTML, like Gecko) Ubuntu Chromium/53.0.2785.143 Chrome/53.0.2785.143 Safari/537.36\",\"content-type\":\"application/graphql\",\"referer\":\"http://localhost:8080/\",\"accept-encoding\":\"gzip, deflate\",\"accept-language\":\"en-US,en;q=0.8\"}}","locations":{"line":1,"column":23}}]}}
*************** response log end ***************

[2017-10-10 22:55:23.343] [INFO] resLogger - 
*************** response log start ***************
request method: POST
request originalUrl:  /api
request client ip:  ::ffff:127.0.0.1
request body: 
undefined
response time: 32
response status: 400
response body: 
{"code":0,"message":"success","data":{"errors":[{"type":"graphql","message":"Syntax Error GraphQL request (1:18) Expected Name, found String \"list\"\n\n1: query userQuery {\"list\":{\"account\"}}\n                    ^\n{\"method\":\"POST\",\"url\":\"/api\",\"header\":{\"host\":\"127.0.0.1:3001\",\"connection\":\"keep-alive\",\"content-length\":\"36\",\"accept\":\"application/json\",\"origin\":\"http://localhost:8080\",\"user-agent\":\"Mozilla/5.0 (X11; Linux x86_64) AppleWebKit/537.36 (KHTML, like Gecko) Ubuntu Chromium/53.0.2785.143 Chrome/53.0.2785.143 Safari/537.36\",\"content-type\":\"application/graphql\",\"referer\":\"http://localhost:8080/\",\"accept-encoding\":\"gzip, deflate\",\"accept-language\":\"en-US,en;q=0.8\"}}","locations":{"line":1,"column":18}}]}}
*************** response log end ***************

[2017-10-10 22:56:11.140] [INFO] resLogger - 
*************** response log start ***************
request method: POST
request originalUrl:  /api
request client ip:  ::ffff:127.0.0.1
request body: 
undefined
response time: 33
response status: 400
response body: 
{"code":0,"message":"success","data":{"errors":[{"type":"graphql","message":"Syntax Error GraphQL request (1:23) Expected Name, found {\n\n1: query userQuery {list:{\"account\"}}\n                         ^\n{\"method\":\"POST\",\"url\":\"/api\",\"header\":{\"host\":\"127.0.0.1:3001\",\"connection\":\"keep-alive\",\"content-length\":\"34\",\"accept\":\"application/json\",\"origin\":\"http://localhost:8080\",\"user-agent\":\"Mozilla/5.0 (X11; Linux x86_64) AppleWebKit/537.36 (KHTML, like Gecko) Ubuntu Chromium/53.0.2785.143 Chrome/53.0.2785.143 Safari/537.36\",\"content-type\":\"application/graphql\",\"referer\":\"http://localhost:8080/\",\"accept-encoding\":\"gzip, deflate\",\"accept-language\":\"en-US,en;q=0.8\"}}","locations":{"line":1,"column":23}}]}}
*************** response log end ***************

[2017-10-10 22:56:14.833] [INFO] resLogger - 
*************** response log start ***************
request method: POST
request originalUrl:  /api
request client ip:  ::ffff:127.0.0.1
request body: 
undefined
response time: 5
response status: 400
response body: 
{"code":0,"message":"success","data":{"errors":[{"type":"graphql","message":"Syntax Error GraphQL request (1:23) Expected Name, found {\n\n1: query userQuery {list:{\"account\"}}\n                         ^\n{\"method\":\"POST\",\"url\":\"/api\",\"header\":{\"host\":\"127.0.0.1:3001\",\"connection\":\"keep-alive\",\"content-length\":\"34\",\"accept\":\"application/json\",\"origin\":\"http://localhost:8080\",\"user-agent\":\"Mozilla/5.0 (X11; Linux x86_64) AppleWebKit/537.36 (KHTML, like Gecko) Ubuntu Chromium/53.0.2785.143 Chrome/53.0.2785.143 Safari/537.36\",\"content-type\":\"application/graphql\",\"referer\":\"http://localhost:8080/\",\"accept-encoding\":\"gzip, deflate\",\"accept-language\":\"en-US,en;q=0.8\"}}","locations":{"line":1,"column":23}}]}}
*************** response log end ***************

[2017-10-10 22:58:53.838] [INFO] resLogger - 
*************** response log start ***************
request method: POST
request originalUrl:  /api
request client ip:  ::ffff:127.0.0.1
request body: 
undefined
response time: 44
response status: 400
response body: 
{"code":0,"message":"success","data":{"errors":[{"type":"graphql","message":"Field \"list\" of type \"[user]\" must have a selection of subfields. Did you mean \"list { ... }\"?{\"method\":\"POST\",\"url\":\"/api\",\"header\":{\"host\":\"127.0.0.1:3001\",\"connection\":\"keep-alive\",\"content-length\":\"22\",\"accept\":\"application/json\",\"origin\":\"http://localhost:8080\",\"user-agent\":\"Mozilla/5.0 (X11; Linux x86_64) AppleWebKit/537.36 (KHTML, like Gecko) Ubuntu Chromium/53.0.2785.143 Chrome/53.0.2785.143 Safari/537.36\",\"content-type\":\"application/graphql\",\"referer\":\"http://localhost:8080/\",\"accept-encoding\":\"gzip, deflate\",\"accept-language\":\"en-US,en;q=0.8\"}}","locations":{"line":1,"column":18}}]}}
*************** response log end ***************

[2017-10-10 22:59:25.303] [INFO] resLogger - 
*************** response log start ***************
request method: POST
request originalUrl:  /api
request client ip:  ::ffff:127.0.0.1
request body: 
undefined
response time: 36
response status: 400
response body: 
{"code":0,"message":"success","data":{"errors":[{"type":"graphql","message":"Syntax Error GraphQL request (1:26) Expected {, found }\n\n1: query userQuery {list{...}}\n                            ^\n{\"method\":\"POST\",\"url\":\"/api\",\"header\":{\"host\":\"127.0.0.1:3001\",\"connection\":\"keep-alive\",\"content-length\":\"27\",\"accept\":\"application/json\",\"origin\":\"http://localhost:8080\",\"user-agent\":\"Mozilla/5.0 (X11; Linux x86_64) AppleWebKit/537.36 (KHTML, like Gecko) Ubuntu Chromium/53.0.2785.143 Chrome/53.0.2785.143 Safari/537.36\",\"content-type\":\"application/graphql\",\"referer\":\"http://localhost:8080/\",\"accept-encoding\":\"gzip, deflate\",\"accept-language\":\"en-US,en;q=0.8\"}}","locations":{"line":1,"column":26}}]}}
*************** response log end ***************

[2017-10-10 22:59:53.587] [INFO] resLogger - 
*************** response log start ***************
request method: POST
request originalUrl:  /api
request client ip:  ::ffff:127.0.0.1
request body: 
undefined
response time: 42
response status: 400
response body: 
{"code":0,"message":"success","data":{"errors":[{"type":"graphql","message":"Cannot query field \"list\" on type \"user\".{\"method\":\"POST\",\"url\":\"/api\",\"header\":{\"host\":\"127.0.0.1:3001\",\"connection\":\"keep-alive\",\"content-length\":\"28\",\"accept\":\"application/json\",\"origin\":\"http://localhost:8080\",\"user-agent\":\"Mozilla/5.0 (X11; Linux x86_64) AppleWebKit/537.36 (KHTML, like Gecko) Ubuntu Chromium/53.0.2785.143 Chrome/53.0.2785.143 Safari/537.36\",\"content-type\":\"application/graphql\",\"referer\":\"http://localhost:8080/\",\"accept-encoding\":\"gzip, deflate\",\"accept-language\":\"en-US,en;q=0.8\"}}","locations":{"line":1,"column":23}}]}}
*************** response log end ***************

[2017-10-10 22:59:54.603] [INFO] resLogger - 
*************** response log start ***************
request method: POST
request originalUrl:  /api
request client ip:  ::ffff:127.0.0.1
request body: 
undefined
response time: 6
response status: 400
response body: 
{"code":0,"message":"success","data":{"errors":[{"type":"graphql","message":"Cannot query field \"list\" on type \"user\".{\"method\":\"POST\",\"url\":\"/api\",\"header\":{\"host\":\"127.0.0.1:3001\",\"connection\":\"keep-alive\",\"content-length\":\"28\",\"accept\":\"application/json\",\"origin\":\"http://localhost:8080\",\"user-agent\":\"Mozilla/5.0 (X11; Linux x86_64) AppleWebKit/537.36 (KHTML, like Gecko) Ubuntu Chromium/53.0.2785.143 Chrome/53.0.2785.143 Safari/537.36\",\"content-type\":\"application/graphql\",\"referer\":\"http://localhost:8080/\",\"accept-encoding\":\"gzip, deflate\",\"accept-language\":\"en-US,en;q=0.8\"}}","locations":{"line":1,"column":23}}]}}
*************** response log end ***************

