[2017-09-24 11:24:18.948] [INFO] resLogger - 
*************** response log start ***************
request method: POST
request originalUrl:  /graph
request client ip:  ::ffff:127.0.0.1
request body: 
undefined
response time: 0
response status: 404
response body: 
undefined
*************** response log end ***************

[2017-09-24 11:26:08.642] [INFO] resLogger - 
*************** response log start ***************
request method: POST
request originalUrl:  /graph
request client ip:  ::1
request body: 
undefined
response time: 1
response status: 404
response body: 
undefined
*************** response log end ***************

[2017-09-24 11:26:17.615] [INFO] resLogger - 
*************** response log start ***************
request method: POST
request originalUrl:  /graph
request client ip:  ::1
request body: 
undefined
response time: 0
response status: 404
response body: 
undefined
*************** response log end ***************

[2017-09-24 11:27:57.511] [INFO] resLogger - 
*************** response log start ***************
request method: POST
request originalUrl:  /graph
request client ip:  ::1
request body: 
undefined
response time: 2
response status: 404
response body: 
undefined
*************** response log end ***************

[2017-09-24 11:28:35.413] [INFO] resLogger - 
*************** response log start ***************
request method: POST
request originalUrl:  /graph
request client ip:  ::1
request body: 
undefined
response time: 0
response status: 404
response body: 
undefined
*************** response log end ***************

